2014-01-29 11:02:28.626 HelloCordova[18322:a0b] Multi-tasking -> Device: YES, App: YES
2014-01-29 11:02:29.141 HelloCordova[18322:a0b] Unlimited access to network resources
2014-01-29 11:02:32.447 HelloCordova[18322:a0b] Resetting plugins due to page load.
2014-01-29 11:02:32.978 HelloCordova[18322:a0b] Finished load of: file:///Users/TaylorStuff/Library/Application%20Support/iPhone%20Simulator/7.0.3/Applications/D7BC1383-327B-4A89-8D8A-16117C88CE0D/HelloCordova.app/www/index.html
2014-01-29 11:08:13.620 HelloCordova[18636:a0b] Multi-tasking -> Device: YES, App: YES
2014-01-29 11:08:13.692 HelloCordova[18636:a0b] Unlimited access to network resources
2014-01-29 11:08:15.553 HelloCordova[18636:a0b] Resetting plugins due to page load.
2014-01-29 11:08:15.776 HelloCordova[18636:a0b] Finished load of: file:///Users/TaylorStuff/Library/Application%20Support/iPhone%20Simulator/7.0.3/Applications/D7BC1383-327B-4A89-8D8A-16117C88CE0D/HelloCordova.app/www/index.html
2014-01-29 11:09:41.535 HelloCordova[18900:a0b] Multi-tasking -> Device: YES, App: YES
2014-01-29 11:09:41.615 HelloCordova[18900:a0b] Unlimited access to network resources
2014-01-29 11:09:42.119 HelloCordova[18900:a0b] Resetting plugins due to page load.
2014-01-29 11:09:43.791 HelloCordova[18900:a0b] Finished load of: file:///Users/TaylorStuff/Library/Application%20Support/iPhone%20Simulator/7.0.3/Applications/D7BC1383-327B-4A89-8D8A-16117C88CE0D/HelloCordova.app/www/index.html
2014-01-29 13:01:01.410 HelloCordova[20122:a0b] Multi-tasking -> Device: YES, App: YES
2014-01-29 13:01:01.851 HelloCordova[20122:a0b] Unlimited access to network resources
2014-01-29 13:01:05.859 HelloCordova[20122:a0b] Resetting plugins due to page load.
2014-01-29 13:01:06.347 HelloCordova[20122:a0b] Finished load of: file:///Users/TaylorStuff/Library/Application%20Support/iPhone%20Simulator/7.0.3/Applications/D7BC1383-327B-4A89-8D8A-16117C88CE0D/HelloCordova.app/www/index.html
2014-01-29 13:03:35.907 HelloCordova[20588:a0b] Multi-tasking -> Device: YES, App: YES
2014-01-29 13:03:36.059 HelloCordova[20588:a0b] Unlimited access to network resources
2014-01-29 13:03:36.612 HelloCordova[20588:a0b] Resetting plugins due to page load.
2014-01-29 13:03:37.208 HelloCordova[20588:a0b] Finished load of: file:///Users/TaylorStuff/Library/Application%20Support/iPhone%20Simulator/7.0.3/Applications/D7BC1383-327B-4A89-8D8A-16117C88CE0D/HelloCordova.app/www/index.html
2014-01-31 11:02:14.065 JMU Dining App[26452:a0b] Multi-tasking -> Device: YES, App: YES
2014-01-31 11:02:14.149 JMU Dining App[26452:a0b] Unlimited access to network resources
2014-01-31 11:02:14.306 JMU Dining App[26452:a0b] Fix applied for database locations?: YES
2014-01-31 11:02:15.003 JMU Dining App[26452:a0b] Resetting plugins due to page load.
2014-01-31 11:02:15.157 JMU Dining App[26452:a0b] Finished load of: file:///Users/TaylorStuff/Library/Application%20Support/iPhone%20Simulator/7.0.3/Applications/2057132E-BB28-420E-A070-A52BB3DE502C/JMU%20Dining%20App.app/www/main.html
2014-01-31 11:02:17.686 JMU Dining App[26452:a0b] Resetting plugins due to page load.
2014-01-31 11:02:17.701 JMU Dining App[26452:a0b] Finished load of: file:///Users/TaylorStuff/Library/Application%20Support/iPhone%20Simulator/7.0.3/Applications/2057132E-BB28-420E-A070-A52BB3DE502C/JMU%20Dining%20App.app/www/main.html
